<?xml version="1.0" encoding="UTF-8"?>
<robot generator="Robot 3.2.2 (Python 3.7.4 on win32)" generated="20210204 20:03:07.442" rpa="false">
<suite id="s1" name="Try" source="C:\Users\james\Documents\STSWENG\STSWENG-MLF2\STSWENG-MLFInventorySystem\__tests__\try.robot">
<test id="s1-t1" name="Valid_Open_Browser">
<kw name="Open Browser" library="Selenium2Library">
<doc>Opens a new browser instance to the optional ``url``.</doc>
<arguments>
<arg>http://localhost:3000/</arg>
<arg>chrome</arg>
</arguments>
<msg timestamp="20210204 20:03:09.583" level="INFO">Opening browser 'chrome' to base url 'http://localhost:3000/'.</msg>
<status status="PASS" starttime="20210204 20:03:09.582" endtime="20210204 20:03:15.315"></status>
</kw>
<kw name="Log" library="BuiltIn">
<doc>Logs the given message with the given level.</doc>
<arguments>
<arg>${MY-VARIABLE}</arg>
</arguments>
<msg timestamp="20210204 20:03:15.316" level="INFO">a variable</msg>
<status status="PASS" starttime="20210204 20:03:15.316" endtime="20210204 20:03:15.316"></status>
</kw>
<kw name="Close Browser" library="Selenium2Library">
<doc>Closes the current browser.</doc>
<status status="PASS" starttime="20210204 20:03:15.317" endtime="20210204 20:03:17.761"></status>
</kw>
<tags>
<tag>demo</tag>
</tags>
<status status="PASS" starttime="20210204 20:03:09.581" endtime="20210204 20:03:17.762" critical="yes"></status>
</test>
<test id="s1-t2" name="Valid_Admin_Login">
<kw name="Open Browser" library="Selenium2Library">
<doc>Opens a new browser instance to the optional ``url``.</doc>
<arguments>
<arg>http://localhost:3000/</arg>
<arg>chrome</arg>
</arguments>
<msg timestamp="20210204 20:03:17.765" level="INFO">Opening browser 'chrome' to base url 'http://localhost:3000/'.</msg>
<status status="PASS" starttime="20210204 20:03:17.765" endtime="20210204 20:03:22.026"></status>
</kw>
<kw name="Login Admin">
<kw name="Input Text" library="Selenium2Library">
<doc>Types the given ``text`` into the text field identified by ``locator``.</doc>
<arguments>
<arg>id=userName</arg>
<arg>admin</arg>
</arguments>
<msg timestamp="20210204 20:03:22.028" level="INFO">Typing text 'admin' into text field 'id=userName'.</msg>
<status status="PASS" starttime="20210204 20:03:22.027" endtime="20210204 20:03:22.206"></status>
</kw>
<kw name="Input Text" library="Selenium2Library">
<doc>Types the given ``text`` into the text field identified by ``locator``.</doc>
<arguments>
<arg>id=password</arg>
<arg>pw123</arg>
</arguments>
<msg timestamp="20210204 20:03:22.207" level="INFO">Typing text 'pw123' into text field 'id=password'.</msg>
<status status="PASS" starttime="20210204 20:03:22.207" endtime="20210204 20:03:22.402"></status>
</kw>
<kw name="Click Button" library="Selenium2Library">
<doc>Clicks the button identified by ``locator``.</doc>
<arguments>
<arg>id=loginButton</arg>
</arguments>
<msg timestamp="20210204 20:03:22.402" level="INFO">Clicking button 'id=loginButton'.</msg>
<status status="PASS" starttime="20210204 20:03:22.402" endtime="20210204 20:03:22.493"></status>
</kw>
<kw name="Log" library="BuiltIn">
<doc>Logs the given message with the given level.</doc>
<arguments>
<arg>${MY-VARIABLE}</arg>
</arguments>
<msg timestamp="20210204 20:03:22.494" level="INFO">a variable</msg>
<status status="PASS" starttime="20210204 20:03:22.493" endtime="20210204 20:03:22.494"></status>
</kw>
<status status="PASS" starttime="20210204 20:03:22.027" endtime="20210204 20:03:22.494"></status>
</kw>
<kw name="Sleep" library="BuiltIn">
<doc>Pauses the test executed for the given time.</doc>
<arguments>
<arg>3</arg>
</arguments>
<msg timestamp="20210204 20:03:25.507" level="INFO">Slept 3 seconds</msg>
<status status="PASS" starttime="20210204 20:03:22.495" endtime="20210204 20:03:25.507"></status>
</kw>
<kw name="Logout">
<kw name="Click Element" library="Selenium2Library">
<doc>Click the element identified by ``locator``.</doc>
<arguments>
<arg>id=user-dropdown</arg>
</arguments>
<msg timestamp="20210204 20:03:25.508" level="INFO">Clicking element 'id=user-dropdown'.</msg>
<status status="PASS" starttime="20210204 20:03:25.508" endtime="20210204 20:03:25.603"></status>
</kw>
<kw name="Click Element" library="Selenium2Library">
<doc>Click the element identified by ``locator``.</doc>
<arguments>
<arg>xpath=//*[@id="userMenu"]/div[2]/div/a</arg>
</arguments>
<msg timestamp="20210204 20:03:25.604" level="INFO">Clicking element 'xpath=//*[@id="userMenu"]/div[2]/div/a'.</msg>
<status status="PASS" starttime="20210204 20:03:25.604" endtime="20210204 20:03:25.691"></status>
</kw>
<status status="PASS" starttime="20210204 20:03:25.508" endtime="20210204 20:03:25.691"></status>
</kw>
<kw name="Sleep" library="BuiltIn">
<doc>Pauses the test executed for the given time.</doc>
<arguments>
<arg>5</arg>
</arguments>
<msg timestamp="20210204 20:03:30.706" level="INFO">Slept 5 seconds</msg>
<status status="PASS" starttime="20210204 20:03:25.692" endtime="20210204 20:03:30.706"></status>
</kw>
<kw name="Input Text" library="Selenium2Library">
<doc>Types the given ``text`` into the text field identified by ``locator``.</doc>
<arguments>
<arg>id=userName</arg>
<arg>admin</arg>
</arguments>
<msg timestamp="20210204 20:03:30.707" level="INFO">Typing text 'admin' into text field 'id=userName'.</msg>
<status status="PASS" starttime="20210204 20:03:30.707" endtime="20210204 20:03:30.825"></status>
</kw>
<kw name="Close Browser" library="Selenium2Library">
<doc>Closes the current browser.</doc>
<status status="PASS" starttime="20210204 20:03:30.826" endtime="20210204 20:03:33.151"></status>
</kw>
<tags>
<tag>demo</tag>
</tags>
<status status="PASS" starttime="20210204 20:03:17.764" endtime="20210204 20:03:33.152" critical="yes"></status>
</test>
<test id="s1-t3" name="Valid_Admin_Manage_Artists">
<kw name="Open Browser" library="Selenium2Library">
<doc>Opens a new browser instance to the optional ``url``.</doc>
<arguments>
<arg>http://localhost:3000/</arg>
<arg>chrome</arg>
</arguments>
<msg timestamp="20210204 20:03:33.155" level="INFO">Opening browser 'chrome' to base url 'http://localhost:3000/'.</msg>
<status status="PASS" starttime="20210204 20:03:33.155" endtime="20210204 20:03:37.236"></status>
</kw>
<kw name="Login Admin">
<kw name="Input Text" library="Selenium2Library">
<doc>Types the given ``text`` into the text field identified by ``locator``.</doc>
<arguments>
<arg>id=userName</arg>
<arg>admin</arg>
</arguments>
<msg timestamp="20210204 20:03:37.238" level="INFO">Typing text 'admin' into text field 'id=userName'.</msg>
<status status="PASS" starttime="20210204 20:03:37.238" endtime="20210204 20:03:37.572"></status>
</kw>
<kw name="Input Text" library="Selenium2Library">
<doc>Types the given ``text`` into the text field identified by ``locator``.</doc>
<arguments>
<arg>id=password</arg>
<arg>pw123</arg>
</arguments>
<msg timestamp="20210204 20:03:37.573" level="INFO">Typing text 'pw123' into text field 'id=password'.</msg>
<status status="PASS" starttime="20210204 20:03:37.572" endtime="20210204 20:03:37.714"></status>
</kw>
<kw name="Click Button" library="Selenium2Library">
<doc>Clicks the button identified by ``locator``.</doc>
<arguments>
<arg>id=loginButton</arg>
</arguments>
<msg timestamp="20210204 20:03:37.714" level="INFO">Clicking button 'id=loginButton'.</msg>
<status status="PASS" starttime="20210204 20:03:37.714" endtime="20210204 20:03:37.915"></status>
</kw>
<kw name="Log" library="BuiltIn">
<doc>Logs the given message with the given level.</doc>
<arguments>
<arg>${MY-VARIABLE}</arg>
</arguments>
<msg timestamp="20210204 20:03:37.915" level="INFO">a variable</msg>
<status status="PASS" starttime="20210204 20:03:37.915" endtime="20210204 20:03:37.915"></status>
</kw>
<status status="PASS" starttime="20210204 20:03:37.237" endtime="20210204 20:03:37.916"></status>
</kw>
<kw name="Sleep" library="BuiltIn">
<doc>Pauses the test executed for the given time.</doc>
<arguments>
<arg>3</arg>
</arguments>
<msg timestamp="20210204 20:03:40.929" level="INFO">Slept 3 seconds</msg>
<status status="PASS" starttime="20210204 20:03:37.916" endtime="20210204 20:03:40.930"></status>
</kw>
<kw name="Click Element" library="Selenium2Library">
<doc>Click the element identified by ``locator``.</doc>
<arguments>
<arg>id=manageArtists</arg>
</arguments>
<msg timestamp="20210204 20:03:40.931" level="INFO">Clicking element 'id=manageArtists'.</msg>
<status status="PASS" starttime="20210204 20:03:40.930" endtime="20210204 20:03:41.098"></status>
</kw>
<kw name="Click Element" library="Selenium2Library">
<doc>Click the element identified by ``locator``.</doc>
<arguments>
<arg>id=addArtistsOption</arg>
</arguments>
<msg timestamp="20210204 20:03:41.099" level="INFO">Clicking element 'id=addArtistsOption'.</msg>
<status status="PASS" starttime="20210204 20:03:41.099" endtime="20210204 20:03:41.307"></status>
</kw>
<kw name="Sleep" library="BuiltIn">
<doc>Pauses the test executed for the given time.</doc>
<arguments>
<arg>3</arg>
</arguments>
<msg timestamp="20210204 20:03:44.321" level="INFO">Slept 3 seconds</msg>
<status status="PASS" starttime="20210204 20:03:41.308" endtime="20210204 20:03:44.321"></status>
</kw>
<kw name="Click Element" library="Selenium2Library">
<doc>Click the element identified by ``locator``.</doc>
<arguments>
<arg>xpath=//*[@id="manageArtistsWindow"]/div/div/div[1]/button</arg>
</arguments>
<msg timestamp="20210204 20:03:44.322" level="INFO">Clicking element 'xpath=//*[@id="manageArtistsWindow"]/div/div/div[1]/button'.</msg>
<status status="PASS" starttime="20210204 20:03:44.321" endtime="20210204 20:03:44.398"></status>
</kw>
<kw name="Logout">
<kw name="Click Element" library="Selenium2Library">
<doc>Click the element identified by ``locator``.</doc>
<arguments>
<arg>id=user-dropdown</arg>
</arguments>
<msg timestamp="20210204 20:03:44.399" level="INFO">Clicking element 'id=user-dropdown'.</msg>
<status status="PASS" starttime="20210204 20:03:44.398" endtime="20210204 20:03:44.542"></status>
</kw>
<kw name="Click Element" library="Selenium2Library">
<doc>Click the element identified by ``locator``.</doc>
<arguments>
<arg>xpath=//*[@id="userMenu"]/div[2]/div/a</arg>
</arguments>
<msg timestamp="20210204 20:03:44.542" level="INFO">Clicking element 'xpath=//*[@id="userMenu"]/div[2]/div/a'.</msg>
<status status="PASS" starttime="20210204 20:03:44.542" endtime="20210204 20:03:44.610"></status>
</kw>
<status status="PASS" starttime="20210204 20:03:44.398" endtime="20210204 20:03:44.611"></status>
</kw>
<kw name="Sleep" library="BuiltIn">
<doc>Pauses the test executed for the given time.</doc>
<arguments>
<arg>5</arg>
</arguments>
<msg timestamp="20210204 20:03:49.624" level="INFO">Slept 5 seconds</msg>
<status status="PASS" starttime="20210204 20:03:44.612" endtime="20210204 20:03:49.624"></status>
</kw>
<kw name="Input Text" library="Selenium2Library">
<doc>Types the given ``text`` into the text field identified by ``locator``.</doc>
<arguments>
<arg>id=userName</arg>
<arg>admin</arg>
</arguments>
<msg timestamp="20210204 20:03:49.625" level="INFO">Typing text 'admin' into text field 'id=userName'.</msg>
<status status="PASS" starttime="20210204 20:03:49.625" endtime="20210204 20:03:49.741"></status>
</kw>
<kw name="Close Browser" library="Selenium2Library">
<doc>Closes the current browser.</doc>
<status status="PASS" starttime="20210204 20:03:49.741" endtime="20210204 20:03:53.425"></status>
</kw>
<tags>
<tag>demo</tag>
</tags>
<status status="PASS" starttime="20210204 20:03:33.154" endtime="20210204 20:03:53.426" critical="yes"></status>
</test>
<test id="s1-t4" name="Valid_Admin_Add_and_Delete_Artists">
<kw name="Open Browser" library="Selenium2Library">
<doc>Opens a new browser instance to the optional ``url``.</doc>
<arguments>
<arg>http://localhost:3000/</arg>
<arg>chrome</arg>
</arguments>
<msg timestamp="20210204 20:03:53.431" level="INFO">Opening browser 'chrome' to base url 'http://localhost:3000/'.</msg>
<status status="PASS" starttime="20210204 20:03:53.431" endtime="20210204 20:03:59.806"></status>
</kw>
<kw name="Login Admin">
<kw name="Input Text" library="Selenium2Library">
<doc>Types the given ``text`` into the text field identified by ``locator``.</doc>
<arguments>
<arg>id=userName</arg>
<arg>admin</arg>
</arguments>
<msg timestamp="20210204 20:03:59.808" level="INFO">Typing text 'admin' into text field 'id=userName'.</msg>
<status status="PASS" starttime="20210204 20:03:59.808" endtime="20210204 20:04:00.023"></status>
</kw>
<kw name="Input Text" library="Selenium2Library">
<doc>Types the given ``text`` into the text field identified by ``locator``.</doc>
<arguments>
<arg>id=password</arg>
<arg>pw123</arg>
</arguments>
<msg timestamp="20210204 20:04:00.024" level="INFO">Typing text 'pw123' into text field 'id=password'.</msg>
<status status="PASS" starttime="20210204 20:04:00.023" endtime="20210204 20:04:00.238"></status>
</kw>
<kw name="Click Button" library="Selenium2Library">
<doc>Clicks the button identified by ``locator``.</doc>
<arguments>
<arg>id=loginButton</arg>
</arguments>
<msg timestamp="20210204 20:04:00.238" level="INFO">Clicking button 'id=loginButton'.</msg>
<status status="PASS" starttime="20210204 20:04:00.238" endtime="20210204 20:04:00.351"></status>
</kw>
<kw name="Log" library="BuiltIn">
<doc>Logs the given message with the given level.</doc>
<arguments>
<arg>${MY-VARIABLE}</arg>
</arguments>
<msg timestamp="20210204 20:04:00.352" level="INFO">a variable</msg>
<status status="PASS" starttime="20210204 20:04:00.351" endtime="20210204 20:04:00.352"></status>
</kw>
<status status="PASS" starttime="20210204 20:03:59.807" endtime="20210204 20:04:00.352"></status>
</kw>
<kw name="Sleep" library="BuiltIn">
<doc>Pauses the test executed for the given time.</doc>
<arguments>
<arg>1</arg>
</arguments>
<msg timestamp="20210204 20:04:01.365" level="INFO">Slept 1 second</msg>
<status status="PASS" starttime="20210204 20:04:00.353" endtime="20210204 20:04:01.365"></status>
</kw>
<kw name="Click Element" library="Selenium2Library">
<doc>Click the element identified by ``locator``.</doc>
<arguments>
<arg>id=manageArtists</arg>
</arguments>
<msg timestamp="20210204 20:04:01.366" level="INFO">Clicking element 'id=manageArtists'.</msg>
<status status="PASS" starttime="20210204 20:04:01.366" endtime="20210204 20:04:01.534"></status>
</kw>
<kw name="Click Element" library="Selenium2Library">
<doc>Click the element identified by ``locator``.</doc>
<arguments>
<arg>id=addArtistsOption</arg>
</arguments>
<msg timestamp="20210204 20:04:01.535" level="INFO">Clicking element 'id=addArtistsOption'.</msg>
<status status="PASS" starttime="20210204 20:04:01.535" endtime="20210204 20:04:01.677"></status>
</kw>
<kw name="Sleep" library="BuiltIn">
<doc>Pauses the test executed for the given time.</doc>
<arguments>
<arg>1</arg>
</arguments>
<msg timestamp="20210204 20:04:02.681" level="INFO">Slept 1 second</msg>
<status status="PASS" starttime="20210204 20:04:01.678" endtime="20210204 20:04:02.681"></status>
</kw>
<kw name="Click Element" library="Selenium2Library">
<doc>Click the element identified by ``locator``.</doc>
<arguments>
<arg>id=addArtistsOption</arg>
</arguments>
<msg timestamp="20210204 20:04:02.682" level="INFO">Clicking element 'id=addArtistsOption'.</msg>
<status status="PASS" starttime="20210204 20:04:02.682" endtime="20210204 20:04:02.725"></status>
</kw>
<kw name="Input Text" library="Selenium2Library">
<doc>Types the given ``text`` into the text field identified by ``locator``.</doc>
<arguments>
<arg>id=newArtistName</arg>
<arg>a1</arg>
</arguments>
<msg timestamp="20210204 20:04:02.726" level="INFO">Typing text 'a1' into text field 'id=newArtistName'.</msg>
<status status="PASS" starttime="20210204 20:04:02.725" endtime="20210204 20:04:02.896"></status>
</kw>
<kw name="Input Text" library="Selenium2Library">
<doc>Types the given ``text`` into the text field identified by ``locator``.</doc>
<arguments>
<arg>id=newArtistIDNo</arg>
<arg>1181</arg>
</arguments>
<msg timestamp="20210204 20:04:02.897" level="INFO">Typing text '1181' into text field 'id=newArtistIDNo'.</msg>
<status status="PASS" starttime="20210204 20:04:02.896" endtime="20210204 20:04:03.043"></status>
</kw>
<kw name="Input Text" library="Selenium2Library">
<doc>Types the given ``text`` into the text field identified by ``locator``.</doc>
<arguments>
<arg>id=newArtistPassword</arg>
<arg>a1pw</arg>
</arguments>
<msg timestamp="20210204 20:04:03.045" level="INFO">Typing text 'a1pw' into text field 'id=newArtistPassword'.</msg>
<status status="PASS" starttime="20210204 20:04:03.044" endtime="20210204 20:04:03.168"></status>
</kw>
<kw name="Click Element" library="Selenium2Library">
<doc>Click the element identified by ``locator``.</doc>
<arguments>
<arg>id=addArtistButton</arg>
</arguments>
<msg timestamp="20210204 20:04:03.168" level="INFO">Clicking element 'id=addArtistButton'.</msg>
<status status="PASS" starttime="20210204 20:04:03.168" endtime="20210204 20:04:03.225"></status>
</kw>
<kw name="Sleep" library="BuiltIn">
<doc>Pauses the test executed for the given time.</doc>
<arguments>
<arg>1</arg>
</arguments>
<msg timestamp="20210204 20:04:04.236" level="INFO">Slept 1 second</msg>
<status status="PASS" starttime="20210204 20:04:03.226" endtime="20210204 20:04:04.236"></status>
</kw>
<kw name="Click Element" library="Selenium2Library">
<doc>Click the element identified by ``locator``.</doc>
<arguments>
<arg>id=manageArtists</arg>
</arguments>
<msg timestamp="20210204 20:04:04.237" level="INFO">Clicking element 'id=manageArtists'.</msg>
<kw name="Capture Page Screenshot" library="Selenium2Library">
<doc>Takes a screenshot of the current page and embeds it into a log file.</doc>
<msg timestamp="20210204 20:04:04.547" level="INFO" html="yes">&lt;/td&gt;&lt;/tr&gt;&lt;tr&gt;&lt;td colspan="3"&gt;&lt;a href="selenium-screenshot-1.png"&gt;&lt;img src="selenium-screenshot-1.png" width="800px"&gt;&lt;/a&gt;</msg>
<status status="PASS" starttime="20210204 20:04:04.241" endtime="20210204 20:04:04.548"></status>
</kw>
<msg timestamp="20210204 20:04:04.626" level="FAIL">UnexpectedAlertPresentException: Alert Text: Error adding artist
Message: unexpected alert open: {Alert text : Error adding artist}
  (Session info: chrome=88.0.4324.104)
</msg>
<status status="FAIL" starttime="20210204 20:04:04.237" endtime="20210204 20:04:04.626"></status>
</kw>
<tags>
<tag>demo</tag>
</tags>
<status status="FAIL" starttime="20210204 20:03:53.429" endtime="20210204 20:04:04.628" critical="yes">UnexpectedAlertPresentException: Alert Text: Error adding artist
Message: unexpected alert open: {Alert text : Error adding artist}
  (Session info: chrome=88.0.4324.104)
</status>
</test>
<doc>A test suite with a single test for valid login.

This test has a workflow that is created using keywords in
the imported resource file.</doc>
<status status="FAIL" starttime="20210204 20:03:07.444" endtime="20210204 20:04:04.632"></status>
</suite>
<statistics>
<total>
<stat pass="3" fail="1">Critical Tests</stat>
<stat pass="3" fail="1">All Tests</stat>
</total>
<tag>
<stat pass="3" fail="1">demo</stat>
</tag>
<suite>
<stat pass="3" fail="1" id="s1" name="Try">Try</stat>
</suite>
</statistics>
<errors>
</errors>
</robot>
